

  cli
    exec
      ✓ should contain commands with actions
    config
      ✓ should pass empty opts when there is no arg
      ✓ should pass bitbucket opts when specified in args
      ✓ should pass github opts when specified in args
      ✓ should pass gitorious opts when specified in args
      ✓ should pass local opts when specified in args
    _exec
      ✓ should execute custom command specified in arg if command is exec
      ✓ should pass built-in command as-is
      ✓ should use win32 command when executed on windows
      ✓ should use custom config file when specified in args
    list
somerepo1
somerepo2
      ✓ should log each repo name when there is result array
      ✓ should not log anything when there is no result
    clean
Nothing to delete
      ✓ should delete nothing when there is no directory to clean up
The following files/directories will be deleted: dir1, dir2
      ✓ should delete directories to clean up when user confirms to do so
The following files/directories will be deleted: dir1, dir2
Nothing is deleted
      ✓ should not delete directories to clean up when user confirms to not clean
The following files/directories will be deleted: dir1, dir2
Nothing is deleted
      ✓ should not delete directories to clean up when user does not provide confirmation answer
[31msome error[39m
      ✓ should pass error to callback when there is an error during dry run

  bitbucket
    bitbucket - bitbucket
      ✓ should authenticate when username and password are specified
    bitbucket - generate
      ✓ should create repoman config with repos
TODO: someunsupportedscm scm is not yet supported
      ✓ should log an error message when repo scm is unsupported
      ✓ should pass error to callback when an error occurs while retrieving repos

  github
    github
      ✓ should authenticate when username and password are specified
      ✓ should authenticate when username and password are not specified but auth token exists
      ✓ should not authenticate when username and password are not specified
    generate
      ✓ should create repoman config with users and orgs' repos
      ✓ should pass error to callback when an error occurs while retrieving repos
    _paginate
Remaining GitHub API usage: 23/100
Remaining GitHub API usage: 22/100
      ✓ should log remaining usage and pass result

  gitorious
    generate
      ✓ should pass error when an error occurs while retrieving project
      ✓ should pass repo URL when there is no error

  local
    generate
      ✓ should construct config of git repos using git config remote origin
      ✓ should construct config of svn repos using svn info repository root
      ✓ should pass empty config when repo is neither git nor svn

  repoman
    config
Creating sample configuration file: .repoman.json
      ✓ should copy sample couchpenter.js file to current directory when init is called
Setting configuration file: .repoman.json, with Bitbucket repositories
      ✓ should create .repoman.json containing repos on bitbucket when bitbucket config is specified
Setting configuration file: .repoman.json, with GitHub repositories
      ✓ should create .repoman.json containing repos on github when github config is specified
Setting configuration file: .repoman.json, with GitHub repositories
      ✓ should pass error to callback when an error occurs while creating config containing github repos
Setting configuration file: .repoman.json, with Gitorious repositories
      ✓ should create .repoman.json containing repos on gitorious when gitorious config is specified
Setting configuration file: .repoman.json, with local repositories
      ✓ should create .repoman.json containing repos on local repositories when local config is specified
Setting configuration file: .repoman.json, with local repositories
      ✓ should create .repoman.json containing repos on local repositories and remove any repos not existing locally if removeExtraneous is specified
Setting configuration file: .repoman.json, with Gitorious repositories
      ✓ should pass error to callback when an error occurs while creating config containing gitorious repos
    exec
      ✓ should return empty results when there is no repository and scm

+ couchdb
> git clone http://git-wip-us.apache.org/repos/asf/couchdb.git /somedir/couchdb

+ httpd
> svn checkout http://svn.apache.org/repos/asf/httpd/httpd/trunk/ /somedir/httpd
      ✓ should log repositories name and execute commands with parameters applied when repositories exist

+ couchdb
> touch .gitignore; echo "Created /somedir/couchdb/.gitignore file";

+ httpd
> touch .gitignore; echo "Created /somedir/httpd/.gitignore file";
      ✓ should execute command as-is on each repository when command is unsupported

+ couchdb
> touch .gitignore; echo "Created /somedir/couchdb/.gitignore file";
      ✓ should execute command as-is on matching repository when tag is provided

+ couchdb
> touch .gitignore; echo "Created /somedir/couchdb/.gitignore file";
      ✓ should execute command as-is on matching repository when regex is provided
      ✓ should not execute any command when neither tags nor regex filters is applicable
    list
      ✓ should pass repositories keys as list value
      ✓ should filter repository by tag
      ✓ should filter repository by regex
    clean
      ✓ should return a list of non-repo dirs to delete during dry run
- dir1 has been deleted
- dir2 has been deleted
      ✓ should remove a list of non-repo dirs during non dry run
      ✓ should pass error to callback when an error occurs while reading the workspace dir
    _determineRepoType
      ✓ should determine repo type based on keywords when repo config does not have type property
      ✓ should default repo type to git when repo config does not have type property and URL does not contain repo keyword
      ✓ should use type if specified in repo


  55 passing (127ms)

TN:
SF:/Users/bastian/projekte/repoman/lib/cli.js
FN:9,_config
FN:46,_signin
FN:49,(anonymous_2)
FN:52,(anonymous_3)
FN:56,(anonymous_4)
FN:58,(anonymous_5)
FN:67,_exec
FN:92,_report
FN:111,(anonymous_8)
FN:122,_list
FN:133,(anonymous_10)
FN:134,(anonymous_11)
FN:140,_clean
FN:145,_confirm
FN:148,(anonymous_14)
FN:161,(anonymous_15)
FN:176,loadConfigFile
FN:196,exec
FNF:18
FNH:11
FNDA:5,_config
FNDA:0,_signin
FNDA:0,(anonymous_2)
FNDA:0,(anonymous_3)
FNDA:0,(anonymous_4)
FNDA:0,(anonymous_5)
FNDA:4,_exec
FNDA:0,_report
FNDA:0,(anonymous_8)
FNDA:2,_list
FNDA:2,(anonymous_10)
FNDA:2,(anonymous_11)
FNDA:5,_clean
FNDA:3,_confirm
FNDA:3,(anonymous_14)
FNDA:5,(anonymous_15)
FNDA:11,loadConfigFile
FNDA:17,exec
DA:1,1
DA:2,1
DA:3,1
DA:4,1
DA:5,1
DA:6,1
DA:7,1
DA:10,5
DA:12,5
DA:13,0
DA:16,5
DA:17,1
DA:22,4
DA:23,1
DA:31,3
DA:32,1
DA:37,2
DA:38,1
DA:43,5
DA:47,0
DA:48,0
DA:49,0
DA:51,0
DA:52,0
DA:53,0
DA:54,0
DA:55,0
DA:56,0
DA:57,0
DA:58,0
DA:59,0
DA:69,4
DA:73,4
DA:74,3
DA:75,3
DA:78,4
DA:79,4
DA:80,4
DA:81,4
DA:82,1
DA:85,4
DA:86,4
DA:87,4
DA:88,4
DA:89,4
DA:94,0
DA:96,0
DA:97,0
DA:98,0
DA:101,0
DA:102,0
DA:103,0
DA:104,0
DA:107,0
DA:108,0
DA:109,0
DA:110,0
DA:111,0
DA:112,0
DA:113,0
DA:116,0
DA:117,0
DA:124,2
DA:125,2
DA:126,2
DA:127,1
DA:130,2
DA:131,2
DA:133,2
DA:134,2
DA:135,2
DA:142,5
DA:143,5
DA:147,3
DA:148,3
DA:150,3
DA:151,3
DA:152,3
DA:153,1
DA:155,2
DA:156,2
DA:161,5
DA:162,5
DA:163,4
DA:164,3
DA:165,3
DA:167,1
DA:168,1
DA:171,1
DA:177,11
DA:178,11
DA:179,11
DA:181,0
DA:184,0
DA:185,0
DA:186,0
DA:188,0
DA:198,17
DA:215,17
DA:218,1
LF:100
LH:65
BRDA:12,0,0,0
BRDA:12,0,1,5
BRDA:16,1,0,1
BRDA:16,1,1,4
BRDA:16,2,0,5
BRDA:16,2,1,4
BRDA:22,3,0,1
BRDA:22,3,1,3
BRDA:22,4,0,4
BRDA:22,4,1,3
BRDA:22,4,2,3
BRDA:22,4,3,3
BRDA:31,5,0,1
BRDA:31,5,1,2
BRDA:31,6,0,3
BRDA:31,6,1,2
BRDA:37,7,0,1
BRDA:37,7,1,1
BRDA:57,8,0,0
BRDA:57,8,1,0
BRDA:57,9,0,0
BRDA:57,9,1,0
BRDA:57,9,2,0
BRDA:57,9,3,0
BRDA:73,10,0,3
BRDA:73,10,1,1
BRDA:81,11,0,1
BRDA:81,11,1,3
BRDA:85,12,0,4
BRDA:85,12,1,3
BRDA:86,13,0,1
BRDA:86,13,1,3
BRDA:96,14,0,0
BRDA:96,14,1,0
BRDA:103,15,0,0
BRDA:103,15,1,0
BRDA:107,16,0,0
BRDA:107,16,1,0
BRDA:108,17,0,0
BRDA:108,17,1,0
BRDA:112,18,0,0
BRDA:112,18,1,0
BRDA:126,19,0,1
BRDA:126,19,1,1
BRDA:151,20,0,2
BRDA:151,20,1,1
BRDA:152,21,0,1
BRDA:152,21,1,2
BRDA:162,22,0,4
BRDA:162,22,1,1
BRDA:163,23,0,3
BRDA:163,23,1,1
BRDA:177,24,0,6
BRDA:177,24,1,5
BRDA:177,25,0,11
BRDA:177,25,1,11
BRDA:177,25,2,11
BRDA:181,26,0,0
BRDA:181,26,1,0
BRDA:181,27,0,0
BRDA:181,27,1,0
BRDA:181,27,2,0
BRF:62
BRH:40
end_of_record
TN:
SF:/Users/bastian/projekte/repoman/lib/repoman.js
FN:25,Repoman
FN:37,(anonymous_1)
FN:39,_saveConfig
FN:44,(anonymous_3)
FN:65,(anonymous_4)
FN:105,(anonymous_5)
FN:116,(anonymous_6)
FN:130,(anonymous_7)
FN:152,(anonymous_8)
FN:162,(anonymous_9)
FN:183,(anonymous_10)
FN:189,initReport
FN:200,addReportTask
FN:201,(anonymous_13)
FN:202,(anonymous_14)
FN:218,orDefault
FN:222,formatReport
FN:250,(anonymous_17)
FN:258,colorize
FN:279,calcWidth
FN:297,(anonymous_20)
FN:300,(anonymous_21)
FN:315,(anonymous_22)
FN:317,_dryRun
FN:318,(anonymous_24)
FN:324,_delete
FN:326,(anonymous_26)
FN:328,(anonymous_27)
FN:338,(anonymous_28)
FN:360,(anonymous_29)
FN:362,_checkKeywords
FN:402,(anonymous_31)
FN:404,selectByTags
FN:414,selectByRegex
FNF:34
FNH:21
FNDA:39,Repoman
FNDA:8,(anonymous_1)
FNDA:7,_saveConfig
FNDA:0,(anonymous_3)
FNDA:2,(anonymous_4)
FNDA:6,(anonymous_5)
FNDA:10,(anonymous_6)
FNDA:6,(anonymous_7)
FNDA:0,(anonymous_8)
FNDA:0,(anonymous_9)
FNDA:0,(anonymous_10)
FNDA:0,initReport
FNDA:0,addReportTask
FNDA:0,(anonymous_13)
FNDA:0,(anonymous_14)
FNDA:0,orDefault
FNDA:0,formatReport
FNDA:0,(anonymous_17)
FNDA:0,colorize
FNDA:0,calcWidth
FNDA:3,(anonymous_20)
FNDA:6,(anonymous_21)
FNDA:3,(anonymous_22)
FNDA:1,_dryRun
FNDA:4,(anonymous_24)
FNDA:1,_delete
FNDA:4,(anonymous_26)
FNDA:2,(anonymous_27)
FNDA:3,(anonymous_28)
FNDA:11,(anonymous_29)
FNDA:4,_checkKeywords
FNDA:16,(anonymous_31)
FNDA:16,selectByTags
FNDA:12,selectByRegex
DA:1,1
DA:2,1
DA:3,1
DA:4,1
DA:5,1
DA:6,1
DA:7,1
DA:8,1
DA:9,1
DA:10,1
DA:11,1
DA:12,1
DA:13,1
DA:14,1
DA:16,1
DA:17,1
DA:26,39
DA:27,39
DA:37,1
DA:40,7
DA:41,5
DA:42,2
DA:43,2
DA:44,1
DA:45,0
DA:48,2
DA:50,5
DA:52,2
DA:56,8
DA:58,1
DA:59,1
DA:60,1
DA:62,7
DA:64,2
DA:65,2
DA:66,2
DA:71,5
DA:73,2
DA:74,2
DA:75,2
DA:79,3
DA:81,2
DA:82,2
DA:83,2
DA:87,1
DA:88,1
DA:105,1
DA:107,6
DA:109,6
DA:110,6
DA:112,6
DA:113,6
DA:114,6
DA:116,6
DA:117,10
DA:118,6
DA:120,6
DA:123,6
DA:130,6
DA:131,6
DA:132,6
DA:133,6
DA:134,6
DA:136,6
DA:141,6
DA:152,1
DA:154,0
DA:155,0
DA:157,0
DA:158,0
DA:159,0
DA:160,0
DA:162,0
DA:163,0
DA:164,0
DA:165,0
DA:167,0
DA:173,0
DA:174,0
DA:175,0
DA:176,0
DA:178,0
DA:179,0
DA:180,0
DA:183,0
DA:184,0
DA:185,0
DA:190,0
DA:191,0
DA:201,0
DA:202,0
DA:203,0
DA:204,0
DA:206,0
DA:207,0
DA:209,0
DA:210,0
DA:212,0
DA:213,0
DA:219,0
DA:224,0
DA:228,0
DA:229,0
DA:233,0
DA:235,0
DA:248,0
DA:250,0
DA:251,0
DA:255,0
DA:259,0
DA:261,0
DA:263,0
DA:265,0
DA:266,0
DA:268,0
DA:270,0
DA:272,0
DA:273,0
DA:275,0
DA:280,0
DA:284,0
DA:285,0
DA:286,0
DA:297,1
DA:298,3
DA:299,3
DA:300,3
DA:301,6
DA:302,4
DA:305,3
DA:315,1
DA:318,1
DA:319,4
DA:321,1
DA:325,1
DA:326,1
DA:327,4
DA:328,2
DA:329,2
DA:330,2
DA:334,1
DA:337,3
DA:338,3
DA:339,3
DA:340,2
DA:341,1
DA:343,1
DA:346,1
DA:360,1
DA:363,4
DA:367,4
DA:369,4
DA:370,8
DA:371,11
DA:372,3
DA:373,3
DA:377,4
DA:381,11
DA:382,7
DA:384,4
DA:385,4
DA:386,1
DA:390,11
DA:402,1
DA:405,16
DA:406,16
DA:409,4
DA:411,16
DA:415,12
DA:416,12
DA:417,4
DA:418,4
DA:419,2
DA:422,12
DA:425,16
DA:428,1
LF:176
LH:118
BRDA:26,0,0,39
BRDA:26,0,1,17
BRDA:27,1,0,39
BRDA:27,1,1,30
BRDA:40,2,0,5
BRDA:40,2,1,2
BRDA:41,3,0,2
BRDA:41,3,1,3
BRDA:43,4,0,1
BRDA:43,4,1,1
BRDA:56,5,0,1
BRDA:56,5,1,7
BRDA:62,6,0,2
BRDA:62,6,1,5
BRDA:67,7,0,1
BRDA:67,7,1,1
BRDA:68,8,0,1
BRDA:68,8,1,1
BRDA:71,9,0,2
BRDA:71,9,1,3
BRDA:76,10,0,1
BRDA:76,10,1,1
BRDA:79,11,0,2
BRDA:79,11,1,1
BRDA:107,12,0,6
BRDA:107,12,1,0
BRDA:109,13,0,6
BRDA:109,13,1,6
BRDA:110,14,0,6
BRDA:110,14,1,1
BRDA:117,15,0,6
BRDA:117,15,1,4
BRDA:120,16,0,2
BRDA:120,16,1,4
BRDA:120,17,0,6
BRDA:120,17,1,6
BRDA:120,17,2,6
BRDA:133,18,0,6
BRDA:133,18,1,0
BRDA:154,19,0,0
BRDA:154,19,1,0
BRDA:155,20,0,0
BRDA:155,20,1,0
BRDA:164,21,0,0
BRDA:164,21,1,0
BRDA:190,22,0,0
BRDA:190,22,1,0
BRDA:203,23,0,0
BRDA:203,23,1,0
BRDA:206,24,0,0
BRDA:206,24,1,0
BRDA:209,25,0,0
BRDA:209,25,1,0
BRDA:219,26,0,0
BRDA:219,26,1,0
BRDA:259,27,0,0
BRDA:259,27,1,0
BRDA:259,28,0,0
BRDA:259,28,1,0
BRDA:265,29,0,0
BRDA:265,29,1,0
BRDA:270,30,0,0
BRDA:270,30,1,0
BRDA:272,31,0,0
BRDA:272,31,1,0
BRDA:301,32,0,4
BRDA:301,32,1,2
BRDA:327,33,0,2
BRDA:327,33,1,2
BRDA:327,34,0,4
BRDA:327,34,1,2
BRDA:339,35,0,2
BRDA:339,35,1,1
BRDA:340,36,0,1
BRDA:340,36,1,1
BRDA:371,37,0,3
BRDA:371,37,1,8
BRDA:381,38,0,7
BRDA:381,38,1,4
BRDA:385,39,0,1
BRDA:385,39,1,3
BRDA:406,40,0,4
BRDA:406,40,1,12
BRDA:406,41,0,16
BRDA:406,41,1,6
BRDA:406,41,2,3
BRDA:416,42,0,4
BRDA:416,42,1,8
BRDA:418,43,0,2
BRDA:418,43,1,2
BRDA:418,44,0,4
BRDA:418,44,1,2
BRDA:425,45,0,16
BRDA:425,45,1,12
BRF:94
BRH:66
end_of_record
TN:
SF:/Users/bastian/projekte/repoman/lib/auth/github.js
FN:14,GithubAuth
FN:33,(anonymous_1)
FN:42,(anonymous_2)
FN:44,(anonymous_3)
FN:53,(anonymous_4)
FN:58,(anonymous_5)
FN:59,(anonymous_6)
FN:60,(anonymous_7)
FN:76,(anonymous_8)
FN:77,(anonymous_9)
FN:78,(anonymous_10)
FN:80,(anonymous_11)
FNF:12
FNH:4
FNDA:7,GithubAuth
FNDA:0,(anonymous_1)
FNDA:0,(anonymous_2)
FNDA:0,(anonymous_3)
FNDA:0,(anonymous_4)
FNDA:0,(anonymous_5)
FNDA:0,(anonymous_6)
FNDA:0,(anonymous_7)
FNDA:6,(anonymous_8)
FNDA:6,(anonymous_9)
FNDA:6,(anonymous_10)
FNDA:0,(anonymous_11)
DA:1,1
DA:2,1
DA:3,1
DA:4,1
DA:5,1
DA:16,7
DA:21,7
DA:22,7
DA:23,1
DA:24,1
DA:30,7
DA:33,1
DA:34,0
DA:42,1
DA:43,0
DA:44,0
DA:45,0
DA:46,0
DA:47,0
DA:49,0
DA:54,0
DA:55,0
DA:56,0
DA:58,0
DA:59,0
DA:60,0
DA:61,0
DA:62,0
DA:63,0
DA:67,0
DA:68,0
DA:69,0
DA:76,1
DA:77,6
DA:78,6
DA:79,6
DA:80,0
DA:81,0
DA:82,0
DA:84,0
DA:88,6
DA:95,1
LF:42
LH:19
BRDA:22,0,0,1
BRDA:22,0,1,6
BRDA:46,1,0,0
BRDA:46,1,1,0
BRDA:54,2,0,0
BRDA:54,2,1,0
BRDA:54,3,0,0
BRDA:54,3,1,0
BRDA:67,4,0,0
BRDA:67,4,1,0
BRDA:79,5,0,0
BRDA:79,5,1,6
BRDA:81,6,0,0
BRDA:81,6,1,0
BRF:14
BRH:3
end_of_record
TN:
SF:/Users/bastian/projekte/repoman/lib/generator/bitbucket.js
FN:12,Bitbucket
FN:23,(anonymous_1)
FN:27,(anonymous_2)
FN:29,(anonymous_3)
FNF:4
FNH:4
FNDA:5,Bitbucket
FNDA:3,(anonymous_1)
FNDA:3,(anonymous_2)
FNDA:4,(anonymous_3)
DA:1,1
DA:2,1
DA:3,1
DA:14,5
DA:15,5
DA:23,1
DA:24,3
DA:26,3
DA:27,3
DA:28,3
DA:29,2
DA:30,4
DA:31,3
DA:32,3
DA:34,1
DA:38,3
DA:42,1
LF:17
LH:17
BRDA:28,0,0,2
BRDA:28,0,1,1
BRDA:30,1,0,3
BRDA:30,1,1,1
BRF:4
BRH:4
end_of_record
TN:
SF:/Users/bastian/projekte/repoman/lib/generator/github.js
FN:15,GitHub
FN:51,success
FN:57,error
FN:75,(anonymous_3)
FN:80,(anonymous_4)
FN:81,(anonymous_5)
FN:88,(anonymous_6)
FN:99,(anonymous_7)
FN:100,(anonymous_8)
FN:106,(anonymous_9)
FN:116,(anonymous_10)
FN:119,(anonymous_11)
FN:120,(anonymous_12)
FN:130,(anonymous_13)
FN:135,process
FN:143,check
FN:146,_do
FN:147,(anonymous_17)
FN:153,done
FNF:19
FNH:19
FNDA:8,GitHub
FNDA:1,success
FNDA:6,error
FNDA:2,(anonymous_3)
FNDA:2,(anonymous_4)
FNDA:2,(anonymous_5)
FNDA:2,(anonymous_6)
FNDA:2,(anonymous_7)
FNDA:1,(anonymous_8)
FNDA:1,(anonymous_9)
FNDA:2,(anonymous_10)
FNDA:2,(anonymous_11)
FNDA:2,(anonymous_12)
FNDA:1,(anonymous_13)
FNDA:2,process
FNDA:2,check
FNDA:1,_do
FNDA:1,(anonymous_17)
FNDA:1,done
DA:1,2
DA:2,2
DA:3,2
DA:4,2
DA:5,2
DA:6,2
DA:17,8
DA:22,8
DA:23,8
DA:24,2
DA:25,2
DA:31,8
DA:32,8
DA:34,8
DA:35,8
DA:37,1
DA:46,1
DA:48,7
DA:49,7
DA:52,1
DA:56,1
DA:60,6
DA:75,2
DA:76,2
DA:77,2
DA:80,2
DA:81,2
DA:83,2
DA:89,2
DA:90,1
DA:92,1
DA:99,2
DA:100,2
DA:101,1
DA:107,1
DA:108,1
DA:110,0
DA:116,2
DA:117,2
DA:118,2
DA:119,1
DA:120,2
DA:121,2
DA:122,2
DA:126,2
DA:130,2
DA:132,1
DA:133,1
DA:136,2
DA:139,2
DA:141,1
DA:144,2
DA:147,1
DA:148,1
DA:149,1
DA:150,1
DA:154,1
DA:156,1
DA:159,2
LF:59
LH:58
BRDA:23,0,0,2
BRDA:23,0,1,6
BRDA:35,1,0,1
BRDA:35,1,1,7
BRDA:35,2,0,8
BRDA:35,2,1,1
BRDA:89,3,0,1
BRDA:89,3,1,1
BRDA:107,4,0,1
BRDA:107,4,1,0
BRDA:118,5,0,1
BRDA:118,5,1,1
BRDA:121,6,0,2
BRDA:121,6,1,0
BRDA:121,6,2,2
BRF:15
BRH:13
end_of_record
TN:
SF:/Users/bastian/projekte/repoman/lib/generator/gitorious.js
FN:10,Gitorious
FN:20,(anonymous_1)
FN:24,(anonymous_2)
FN:25,(anonymous_3)
FN:30,(anonymous_4)
FN:33,(anonymous_5)
FN:34,(anonymous_6)
FNF:7
FNH:7
FNDA:4,Gitorious
FNDA:2,(anonymous_1)
FNDA:2,(anonymous_2)
FNDA:2,(anonymous_3)
FNDA:2,(anonymous_4)
FNDA:1,(anonymous_5)
FNDA:2,(anonymous_6)
DA:1,1
DA:2,1
DA:11,4
DA:20,1
DA:21,2
DA:22,2
DA:24,2
DA:25,2
DA:26,2
DA:30,2
DA:31,2
DA:32,2
DA:33,1
DA:34,1
DA:35,2
DA:39,2
DA:43,1
LF:17
LH:17
BRDA:32,0,0,1
BRDA:32,0,1,1
BRF:2
BRH:2
end_of_record
TN:
SF:/Users/bastian/projekte/repoman/lib/generator/local.js
FN:12,Local
FN:23,(anonymous_1)
FN:29,(anonymous_2)
FN:46,(anonymous_3)
FN:54,(anonymous_4)
FNF:5
FNH:5
FNDA:5,Local
FNDA:3,(anonymous_1)
FNDA:6,(anonymous_2)
FNDA:2,(anonymous_3)
FNDA:2,(anonymous_4)
DA:1,1
DA:2,1
DA:3,1
DA:4,1
DA:13,5
DA:23,1
DA:25,3
DA:26,3
DA:27,3
DA:29,3
DA:31,6
DA:32,6
DA:34,6
DA:35,2
DA:37,4
DA:38,2
DA:43,3
DA:46,1
DA:48,2
DA:49,2
DA:51,2
DA:54,1
DA:56,2
DA:57,2
DA:59,2
DA:62,1
LF:26
LH:26
BRDA:34,0,0,2
BRDA:34,0,1,4
BRDA:37,1,0,2
BRDA:37,1,1,2
BRF:4
BRH:4
end_of_record
